<?xml version="1.0" encoding="UTF-8"?>
<beans xmlns="http://www.springframework.org/schema/beans"
	xmlns:xsi="http://www.w3.org/2001/XMLSchema-instance" 
	xmlns:context="http://www.springframework.org/schema/context"
	xsi:schemaLocation="http://www.springframework.org/schema/beans http://www.springframework.org/schema/beans/spring-beans-3.1.xsd 
	http://www.springframework.org/schema/context http://www.springframework.org/schema/context/spring-context-3.1.xsd">

	
	<bean id="exposedPropertiesConfigurer" class="org.springframework.beans.factory.config.PropertyPlaceholderConfigurer">
		<property name="locations">
			<list>
<!-- 				<value>file:/${CONFIG_TANAGURU}\tanaguru.conf</value>
				<value>file:/${CONFIG_TANAGURU}\google-code.properties</value>
				<value>file:/${CONFIG_TANAGURU}\sign-up-mail.properties</value>
				<value>file:/${CONFIG_TANAGURU}\ESAPI.properties</value> -->
				<value>classpath:test-tanaguru.properties</value>
			</list>
		</property>
		<property name="fileEncoding">
			<value>UTF-8</value>
		</property>
	</bean>
	
	 <context:component-scan base-package="com.oceaneconsulting.tanaguru.dao,com.oceaneconsulting.tanaguru.service.impl" /> 
	
	<import resource="classpath:conf/context/test-beans-*.xml"/>
</beans> 